TN:
SF:src/lib/auth/index.ts
FN:13,initCredentialedClient
FN:24,initCredentialedApiClient
FN:40,register
FN:54,login
FN:69,refresh
FN:78,logout
FN:85,getUserInfo
FNF:7
FNH:1
FNDA:1,initCredentialedClient
FNDA:0,initCredentialedApiClient
FNDA:0,register
FNDA:0,login
FNDA:0,refresh
FNDA:0,logout
FNDA:0,getUserInfo
DA:1,1
DA:13,1
DA:14,1
DA:15,1
DA:16,1
DA:18,1
DA:19,0
DA:20,0
DA:21,1
DA:22,1
DA:24,1
DA:25,0
DA:26,0
DA:27,0
DA:29,0
DA:30,0
DA:31,0
DA:32,0
DA:33,0
DA:40,0
DA:41,0
DA:42,0
DA:43,0
DA:44,0
DA:45,0
DA:46,0
DA:47,0
DA:49,0
DA:50,0
DA:51,0
DA:52,0
DA:54,0
DA:55,0
DA:56,0
DA:57,0
DA:58,0
DA:59,0
DA:60,0
DA:62,0
DA:63,0
DA:64,0
DA:66,0
DA:67,0
DA:69,0
DA:70,0
DA:71,0
DA:72,0
DA:73,0
DA:75,0
DA:76,0
DA:78,0
DA:79,0
DA:80,0
DA:81,0
DA:82,0
DA:83,0
DA:85,0
DA:86,0
DA:87,0
DA:88,0
DA:89,0
DA:90,0
DA:92,0
DA:93,0
LF:64
LH:9
BRDA:13,0,0,1
BRF:1
BRH:1
end_of_record
TN:
SF:src/lib/client/index.ts
FNF:0
FNH:0
DA:1,1
DA:2,1
DA:3,1
LF:3
LH:3
BRF:0
BRH:0
end_of_record
TN:
SF:src/lib/client/sdk.gen.ts
FN:54,postApiAccountRegister
FN:67,postApiAccountLogin
FN:80,getApiAccountUser
FN:93,getApiFeeds
FN:102,postApiFeedsSearch
FN:115,postLogout
FN:124,postRegister
FN:133,postLogin
FN:142,postRefresh
FN:151,customMapIdentityApiConfirmEmail
FN:164,postResendConfirmationEmail
FN:177,postForgotPassword
FN:190,postResetPassword
FN:203,postManage2Fa
FN:212,getManageInfo
FN:221,postManageInfo
FNF:16
FNH:0
FNDA:0,postApiAccountRegister
FNDA:0,postApiAccountLogin
FNDA:0,getApiAccountUser
FNDA:0,getApiFeeds
FNDA:0,postApiFeedsSearch
FNDA:0,postLogout
FNDA:0,postRegister
FNDA:0,postLogin
FNDA:0,postRefresh
FNDA:0,customMapIdentityApiConfirmEmail
FNDA:0,postResendConfirmationEmail
FNDA:0,postForgotPassword
FNDA:0,postResetPassword
FNDA:0,postManage2Fa
FNDA:0,getManageInfo
FNDA:0,postManageInfo
DA:1,1
DA:52,1
DA:54,1
DA:55,0
DA:56,0
DA:57,0
DA:61,0
DA:62,0
DA:63,0
DA:64,0
DA:65,0
DA:67,1
DA:68,0
DA:69,0
DA:70,0
DA:74,0
DA:75,0
DA:76,0
DA:77,0
DA:78,0
DA:80,1
DA:81,0
DA:82,0
DA:83,0
DA:87,0
DA:88,0
DA:89,0
DA:90,0
DA:91,0
DA:93,1
DA:94,0
DA:95,0
DA:96,0
DA:97,0
DA:98,0
DA:99,0
DA:100,0
DA:102,1
DA:103,0
DA:104,0
DA:105,0
DA:109,0
DA:110,0
DA:111,0
DA:112,0
DA:113,0
DA:115,1
DA:116,0
DA:117,0
DA:118,0
DA:119,0
DA:120,0
DA:121,0
DA:122,0
DA:124,1
DA:125,0
DA:126,0
DA:127,0
DA:128,0
DA:129,0
DA:130,0
DA:131,0
DA:133,1
DA:134,0
DA:135,0
DA:136,0
DA:137,0
DA:138,0
DA:139,0
DA:140,0
DA:142,1
DA:143,0
DA:144,0
DA:145,0
DA:146,0
DA:147,0
DA:148,0
DA:149,0
DA:151,1
DA:152,0
DA:153,0
DA:154,0
DA:158,0
DA:159,0
DA:160,0
DA:161,0
DA:162,0
DA:164,1
DA:165,0
DA:166,0
DA:167,0
DA:171,0
DA:172,0
DA:173,0
DA:174,0
DA:175,0
DA:177,1
DA:178,0
DA:179,0
DA:180,0
DA:184,0
DA:185,0
DA:186,0
DA:187,0
DA:188,0
DA:190,1
DA:191,0
DA:192,0
DA:193,0
DA:197,0
DA:198,0
DA:199,0
DA:200,0
DA:201,0
DA:203,1
DA:204,0
DA:205,0
DA:206,0
DA:207,0
DA:208,0
DA:209,0
DA:210,0
DA:212,1
DA:213,0
DA:214,0
DA:215,0
DA:216,0
DA:217,0
DA:218,0
DA:219,0
DA:221,1
DA:222,0
DA:223,0
DA:224,0
DA:228,0
DA:229,0
DA:230,0
DA:231,0
DA:232,0
LF:139
LH:18
BRF:0
BRH:0
end_of_record
TN:
SF:src/lib/client/types.gen.ts
FNF:0
FNH:0
LF:0
LH:0
BRF:0
BRH:0
end_of_record
TN:
SF:src/lib/config/index.ts
FNF:0
FNH:0
DA:1,1
DA:3,1
DA:8,1
DA:9,1
DA:10,1
DA:11,1
DA:12,1
DA:13,1
DA:14,1
DA:15,1
LF:10
LH:10
BRDA:3,0,0,0
BRDA:9,1,0,0
BRDA:10,2,0,0
BRDA:12,3,0,0
BRDA:13,4,0,0
BRF:5
BRH:0
end_of_record
